<?xml version="1.0" encoding="UTF-8"?>
<!-- Generated by org.testng.reporters.JUnitXMLReporter -->
<testsuite hostname="AvinashMacBook-Air.local" ignored="12" name="Default test(failed)" tests="1" failures="1" timestamp="2024-07-02T18:22:45 IST" time="3.08" errors="0">
  <testcase name="VerifyResponseHeaders" time="2.548" classname="api.test.PartCompatibilityTest">
    <failure type="java.lang.AssertionError" message="expected [DEL54-P7] but found [BOM54-P2]">
      <![CDATA[java.lang.AssertionError: expected [DEL54-P7] but found [BOM54-P2]
at api.test.PartCompatibilityTest.VerifyResponseHeaders(PartCompatibilityTest.java:174)
at java.util.ArrayList.forEach(ArrayList.java:1257)
... Removed 33 stack frames]]>
    </failure>
  </testcase> <!-- VerifyResponseHeaders -->
  <testcase name="VerifyErrorsSatusWithValidData" time="0.0" classname="api.test.PartCompatibilityTest">
    <ignored/>
  </testcase> <!-- VerifyErrorsSatusWithValidData -->
  <testcase name="VerifyResponseCodeWithoutregNumParam" time="0.0" classname="api.test.PartCompatibilityTest">
    <ignored/>
  </testcase> <!-- VerifyResponseCodeWithoutregNumParam -->
  <testcase name="VerifyCompatibleflagWith_ValidpartNum_ValidregNo" time="0.0" classname="api.test.PartCompatibilityTest">
    <ignored/>
  </testcase> <!-- VerifyCompatibleflagWith_ValidpartNum_ValidregNo -->
  <testcase name="VerifyCompatibleflagWith_InvalidpartNum_ValidregNo" time="0.0" classname="api.test.PartCompatibilityTest">
    <ignored/>
  </testcase> <!-- VerifyCompatibleflagWith_InvalidpartNum_ValidregNo -->
  <testcase name="VerifyResponseCodeWithoutpartNumAndregNumParam" time="0.0" classname="api.test.PartCompatibilityTest">
    <ignored/>
  </testcase> <!-- VerifyResponseCodeWithoutpartNumAndregNumParam -->
  <testcase name="VerifyErrorSatusWithValidData" time="0.0" classname="api.test.PartCompatibilityTest">
    <ignored/>
  </testcase> <!-- VerifyErrorSatusWithValidData -->
  <testcase name="VerifyCompatibleflagWith_ValidpartNum_InvalidregNo" time="0.0" classname="api.test.PartCompatibilityTest">
    <ignored/>
  </testcase> <!-- VerifyCompatibleflagWith_ValidpartNum_InvalidregNo -->
  <testcase name="VerifyErrorWithoutpartNumParam" time="0.0" classname="api.test.PartCompatibilityTest">
    <ignored/>
  </testcase> <!-- VerifyErrorWithoutpartNumParam -->
  <testcase name="VerifyErrorWithoutregNumParam" time="0.0" classname="api.test.PartCompatibilityTest">
    <ignored/>
  </testcase> <!-- VerifyErrorWithoutregNumParam -->
  <testcase name="VerifyResponseCodeWithValidData" time="0.0" classname="api.test.PartCompatibilityTest">
    <ignored/>
  </testcase> <!-- VerifyResponseCodeWithValidData -->
  <testcase name="VerifyResponseCodeWithoutpartNumParam" time="0.0" classname="api.test.PartCompatibilityTest">
    <ignored/>
  </testcase> <!-- VerifyResponseCodeWithoutpartNumParam -->
  <testcase name="VerifyErrorWithoutpartNumAndregNumParam" time="0.0" classname="api.test.PartCompatibilityTest">
    <ignored/>
  </testcase> <!-- VerifyErrorWithoutpartNumAndregNumParam -->
</testsuite> <!-- Default test(failed) -->
