<?xml version="1.0" encoding="UTF-8"?>
<!-- Generated by org.testng.reporters.JUnitXMLReporter -->
<testsuite hostname="AvinashMacBook-Air.local" ignored="42" name="Default test" tests="1" failures="0" timestamp="2024-01-19T14:41:28 IST" time="4.402" errors="0">
  <testcase name="verifySerchProductList_Data_With_InvalidCategoriesL1" time="4.361" classname="api.test.SearchProductListTest"/>
  <testcase name="verifySerchProductList_Sorting_LowToHigh" time="0.0" classname="api.test.SearchProductListTest">
    <ignored/>
  </testcase> <!-- verifySerchProductList_Sorting_LowToHigh -->
  <testcase name="verifySerchProductListStatusCodeWithInvalidCatCD" time="0.0" classname="api.test.SearchProductListTest">
    <ignored/>
  </testcase> <!-- verifySerchProductListStatusCodeWithInvalidCatCD -->
  <testcase name="verifySerchProductListStatusCodeWithValid_categories_categoryL1categoryL2categoryL2" time="0.0" classname="api.test.SearchProductListTest">
    <ignored/>
  </testcase> <!-- verifySerchProductListStatusCodeWithValid_categories_categoryL1categoryL2categoryL2 -->
  <testcase name="verifySerchProductListStatusCodeWith2Valid_catCd_Data" time="0.0" classname="api.test.SearchProductListTest">
    <ignored/>
  </testcase> <!-- verifySerchProductListStatusCodeWith2Valid_catCd_Data -->
  <testcase name="verifySerchProductListStatusCodeWithout_toYear" time="0.0" classname="api.test.SearchProductListTest">
    <ignored/>
  </testcase> <!-- verifySerchProductListStatusCodeWithout_toYear -->
  <testcase name="verifySerchProductList_error_errorCode_errorMessage_With_InvalidCategoriesL1" time="0.0" classname="api.test.SearchProductListTest">
    <ignored/>
  </testcase> <!-- verifySerchProductList_error_errorCode_errorMessage_With_InvalidCategoriesL1 -->
  <testcase name="verifySerchProductListStatusCodeWithValidRegistrationNo" time="0.0" classname="api.test.SearchProductListTest">
    <ignored/>
  </testcase> <!-- verifySerchProductListStatusCodeWithValidRegistrationNo -->
  <testcase name="verifySerchProductListStatusCodeWith_InvalidCategoriesL3" time="0.0" classname="api.test.SearchProductListTest">
    <ignored/>
  </testcase> <!-- verifySerchProductListStatusCodeWith_InvalidCategoriesL3 -->
  <testcase name="verifySerchProductListErrorWithValidData" time="0.0" classname="api.test.SearchProductListTest">
    <ignored/>
  </testcase> <!-- verifySerchProductListErrorWithValidData -->
  <testcase name="verifySerchProductListStatusCodeWith_InvalidCategoriesL2" time="0.0" classname="api.test.SearchProductListTest">
    <ignored/>
  </testcase> <!-- verifySerchProductListStatusCodeWith_InvalidCategoriesL2 -->
  <testcase name="verifySerchProductListStatusCodeWithout_ModelCd" time="0.0" classname="api.test.SearchProductListTest">
    <ignored/>
  </testcase> <!-- verifySerchProductListStatusCodeWithout_ModelCd -->
  <testcase name="verifySerchProductListStatusCodeWithout_Fromyear" time="0.0" classname="api.test.SearchProductListTest">
    <ignored/>
  </testcase> <!-- verifySerchProductListStatusCodeWithout_Fromyear -->
  <testcase name="verifySerchProductList_Sorting_New" time="0.0" classname="api.test.SearchProductListTest">
    <ignored/>
  </testcase> <!-- verifySerchProductList_Sorting_New -->
  <testcase name="verifySerchProductListStatusCodeWith_InvalidYearRange_FromYear" time="0.0" classname="api.test.SearchProductListTest">
    <ignored/>
  </testcase> <!-- verifySerchProductListStatusCodeWith_InvalidYearRange_FromYear -->
  <testcase name="verifySerchProductList_Sorting_Name" time="0.0" classname="api.test.SearchProductListTest">
    <ignored/>
  </testcase> <!-- verifySerchProductList_Sorting_Name -->
  <testcase name="verifySerchProductListStatusCodeWithValidVinNo" time="0.0" classname="api.test.SearchProductListTest">
    <ignored/>
  </testcase> <!-- verifySerchProductListStatusCodeWithValidVinNo -->
  <testcase name="verifySerchProductListDataWith_1ValidAnd1InvalidCatCD" time="0.0" classname="api.test.SearchProductListTest">
    <ignored/>
  </testcase> <!-- verifySerchProductListDataWith_1ValidAnd1InvalidCatCD -->
  <testcase name="verifySerchProductListStatusCodeWith_1ValidAnd1InvalidCatCD" time="0.0" classname="api.test.SearchProductListTest">
    <ignored/>
  </testcase> <!-- verifySerchProductListStatusCodeWith_1ValidAnd1InvalidCatCD -->
  <testcase name="verifySerchProductListPartresponsrCount" time="0.0" classname="api.test.SearchProductListTest">
    <ignored/>
  </testcase> <!-- verifySerchProductListPartresponsrCount -->
  <testcase name="verifySerchProductListStatusCodeWithValid_categories_categoryL1categoryL2" time="0.0" classname="api.test.SearchProductListTest">
    <ignored/>
  </testcase> <!-- verifySerchProductListStatusCodeWithValid_categories_categoryL1categoryL2 -->
  <testcase name="verifySerchProductListStatusCodeWithValid_1Model1variant" time="0.0" classname="api.test.SearchProductListTest">
    <ignored/>
  </testcase> <!-- verifySerchProductListStatusCodeWithValid_1Model1variant -->
  <testcase name="verifySerchProductListStatusCodeWithValid_1Model2variant" time="0.0" classname="api.test.SearchProductListTest">
    <ignored/>
  </testcase> <!-- verifySerchProductListStatusCodeWithValid_1Model2variant -->
  <testcase name="verifySerchProductListStatusCodeWithValid_2Model" time="0.0" classname="api.test.SearchProductListTest">
    <ignored/>
  </testcase> <!-- verifySerchProductListStatusCodeWithValid_2Model -->
  <testcase name="verifySerchProductListStatusCodeWith_InvalidVariantCd" time="0.0" classname="api.test.SearchProductListTest">
    <ignored/>
  </testcase> <!-- verifySerchProductListStatusCodeWith_InvalidVariantCd -->
  <testcase name="verifySerchProductList_Sorting_HighToLow" time="0.0" classname="api.test.SearchProductListTest">
    <ignored/>
  </testcase> <!-- verifySerchProductList_Sorting_HighToLow -->
  <testcase name="verifySerchProductListStatusCodeWith_InvalidCategoriesL1" time="0.0" classname="api.test.SearchProductListTest">
    <ignored/>
  </testcase> <!-- verifySerchProductListStatusCodeWith_InvalidCategoriesL1 -->
  <testcase name="verifySerchProductListStatusCodeWith3Valid_catCd_Data" time="0.0" classname="api.test.SearchProductListTest">
    <ignored/>
  </testcase> <!-- verifySerchProductListStatusCodeWith3Valid_catCd_Data -->
  <testcase name="verifySerchProductList_data_WithoutCatCD" time="0.0" classname="api.test.SearchProductListTest">
    <ignored/>
  </testcase> <!-- verifySerchProductList_data_WithoutCatCD -->
  <testcase name="verifySerchProductListStatusCodeWithValid_PartNumber" time="0.0" classname="api.test.SearchProductListTest">
    <ignored/>
  </testcase> <!-- verifySerchProductListStatusCodeWithValid_PartNumber -->
  <testcase name="verifySerchProductList_error_errorCode_errorMessage_With_1ValidAnd1InvalidCatCD" time="0.0" classname="api.test.SearchProductListTest">
    <ignored/>
  </testcase> <!-- verifySerchProductList_error_errorCode_errorMessage_With_1ValidAnd1InvalidCatCD -->
  <testcase name="verifySerchProductListStatusCodeWithValidData" time="0.0" classname="api.test.SearchProductListTest">
    <ignored/>
  </testcase> <!-- verifySerchProductListStatusCodeWithValidData -->
  <testcase name="verifySerchProductListStatusCodeWithValid_2Model1Variant" time="0.0" classname="api.test.SearchProductListTest">
    <ignored/>
  </testcase> <!-- verifySerchProductListStatusCodeWithValid_2Model1Variant -->
  <testcase name="verifySerchProductListStatusCodeWith_InvalidYearRange_ToYear" time="0.0" classname="api.test.SearchProductListTest">
    <ignored/>
  </testcase> <!-- verifySerchProductListStatusCodeWith_InvalidYearRange_ToYear -->
  <testcase name="verifySerchProductListPaginationWithValidData" time="0.0" classname="api.test.SearchProductListTest">
    <ignored/>
  </testcase> <!-- verifySerchProductListPaginationWithValidData -->
  <testcase name="verifySerchProductListStatusCodeWithValid_2Model2Variant" time="0.0" classname="api.test.SearchProductListTest">
    <ignored/>
  </testcase> <!-- verifySerchProductListStatusCodeWithValid_2Model2Variant -->
  <testcase name="verifySerchProductList_error_errorCode_errorMessage_WithInvalidCatCD" time="0.0" classname="api.test.SearchProductListTest">
    <ignored/>
  </testcase> <!-- verifySerchProductList_error_errorCode_errorMessage_WithInvalidCatCD -->
  <testcase name="verifySerchProductListStatusCodeWithValid_CategotyL1L2andMOdelVariant" time="0.0" classname="api.test.SearchProductListTest">
    <ignored/>
  </testcase> <!-- verifySerchProductListStatusCodeWithValid_CategotyL1L2andMOdelVariant -->
  <testcase name="verifySerchProductListStatusCodeWithValid_CategotyL1andMOdelVariant" time="0.0" classname="api.test.SearchProductListTest">
    <ignored/>
  </testcase> <!-- verifySerchProductListStatusCodeWithValid_CategotyL1andMOdelVariant -->
  <testcase name="verifySerchProductListStatusCodeWith_InvalidModelCd" time="0.0" classname="api.test.SearchProductListTest">
    <ignored/>
  </testcase> <!-- verifySerchProductListStatusCodeWith_InvalidModelCd -->
  <testcase name="verifySerchProductListStatusCodeWithValid_categories_categoryL1" time="0.0" classname="api.test.SearchProductListTest">
    <ignored/>
  </testcase> <!-- verifySerchProductListStatusCodeWithValid_categories_categoryL1 -->
  <testcase name="verifySerchProductLisEndpoint" time="0.0" classname="api.test.SearchProductListTest">
    <ignored/>
  </testcase> <!-- verifySerchProductLisEndpoint -->
  <testcase name="verifySerchProductListStatusCodeWithValid_1Model" time="0.0" classname="api.test.SearchProductListTest">
    <ignored/>
  </testcase> <!-- verifySerchProductListStatusCodeWithValid_1Model -->
</testsuite> <!-- Default test -->
