<?xml version="1.0" encoding="UTF-8"?>
<!-- Generated by org.testng.reporters.JUnitXMLReporter -->
<testsuite hostname="AvinashMacBook-Air.local" ignored="0" name="CategortTreeTest" tests="11" failures="0" timestamp="2023-10-13T16:25:23 IST" time="18.628" errors="0">
  <testcase name="VerifyCategoryTreeDataWithoutQueryParameter" time="8.265" classname="api.test.CategoryTreeTest"/>
  <testcase name="VerifyCategoryTreeStatusCodeWithInvalidQueryParameter" time="4.363" classname="api.test.CategoryTreeTest"/>
  <testcase name="VerifyCategoryTreeStatusCodeWithoutQueryParameter" time="0.951" classname="api.test.CategoryTreeTest"/>
  <testcase name="VerifyCategoryTreeWithoutQueryParameter" time="0.622" classname="api.test.CategoryTreeTest"/>
  <testcase name="VerifyCategoryTree_Data_WithInvalidQueryParameter" time="0.35" classname="api.test.CategoryTreeTest"/>
  <testcase name="VerifyContentTypewithValid" time="0.682" classname="api.test.CategoryTreeTest"/>
  <testcase name="VerifyDataWithInvalidQueryParameter" time="0.359" classname="api.test.CategoryTreeTest"/>
  <testcase name="VerifyErrorCodeAndErrorMessageWithInvalidQueryParameter" time="0.473" classname="api.test.CategoryTreeTest"/>
  <testcase name="VerifyResponseCodeWithInvalidQueryParameter" time="0.322" classname="api.test.CategoryTreeTest"/>
  <testcase name="VerifyResponseTimewithValidData" time="0.641" classname="api.test.CategoryTreeTest"/>
  <testcase name="VerifyStatusCodewithValid" time="0.629" classname="api.test.CategoryTreeTest"/>
</testsuite> <!-- CategortTreeTest -->
