<?xml version="1.0" encoding="UTF-8"?>
<!-- Generated by org.testng.reporters.JUnitXMLReporter -->
<testsuite hostname="AvinashMacBook-Air.local" ignored="0" name="CategortTreeTest" tests="5" failures="0" timestamp="2023-10-06T15:40:10 IST" time="5.662" errors="0">
  <testcase name="Verify" time="3.277" classname="api.test.CategoryTreeTest"/>
  <testcase name="VerifyCategoryTreeWithInvalidQueryParameter" time="0.391" classname="api.test.CategoryTreeTest"/>
  <testcase name="VerifyCategoryTreeWithoutQueryParameter" time="0.317" classname="api.test.CategoryTreeTest"/>
  <testcase name="VerifyErrorCodeAndErrorMessageWithInvalidQueryParameter" time="0.29" classname="api.test.CategoryTreeTest"/>
  <testcase name="VerifyStatusCode" time="0.462" classname="api.test.CategoryTreeTest"/>
</testsuite> <!-- CategortTreeTest -->
