<?xml version="1.0" encoding="UTF-8"?>
<testng-results skipped="0" failed="0" ignored="4" total="5" passed="1">
  <reporter-output>
  </reporter-output>
  <suite name="Default suite" duration-ms="3255" started-at="2024-07-10T11:28:27 IST" finished-at="2024-07-10T11:28:30 IST">
    <groups>
    </groups>
    <test name="Default test" duration-ms="3255" started-at="2024-07-10T11:28:27 IST" finished-at="2024-07-10T11:28:30 IST">
      <class name="api.test.EnquiryHistoryTest">
        <test-method status="PASS" signature="validateEnquiryHistoryErrorwithInvalidDealerMapCode()[pri:0, instance:api.test.EnquiryHistoryTest@23d2a7e8]" name="validateEnquiryHistoryErrorwithInvalidDealerMapCode" duration-ms="3218" started-at="2024-07-10T11:28:27 IST" finished-at="2024-07-10T11:28:30 IST">
          <reporter-output>
          </reporter-output>
        </test-method> <!-- validateEnquiryHistoryErrorwithInvalidDealerMapCode -->
      </class> <!-- api.test.EnquiryHistoryTest -->
    </test> <!-- Default test -->
  </suite> <!-- Default suite -->
</testng-results>
