<?xml version="1.0" encoding="UTF-8"?>
<!-- Generated by org.testng.reporters.JUnitXMLReporter -->
<testsuite hostname="AvinashMacBook-Air.local" ignored="118" name="Validate API Response Code" tests="12" failures="0" timestamp="2024-07-10T09:47:43 IST" time="11.143" errors="0">
  <testcase name="validateGlobalSearch_ResponseCode_withvalidQuerry" time="2.096" classname="api.test.GlobalSearch"/>
  <testcase name="VerifyResponseCodeWithValidData" time="0.271" classname="api.test.PartCompatibilityTest"/>
  <testcase name="validateOTP_ResponseCode_withvalidMobNo_ValidOTP" time="0.809" classname="api.test.Authenticate_Validate_Otp"/>
  <testcase name="validateStateMasterResponseCode" time="0.172" classname="api.test.StateMasterTest"/>
  <testcase name="VerifyProductDetailStatusCodeWithValidData" time="0.854" classname="api.test.ProductDetailTest"/>
  <testcase name="VerifyCategoryTreeStatusCodeWithValidData" time="0.444" classname="api.test.ModelTreeTest"/>
  <testcase name="validateSelectParty_Statuscode" time="0.433" classname="api.test.SelectParty"/>
  <testcase name="verifySerchProductListStatusCodeWithValidData" time="0.903" classname="api.test.SearchProductListTest"/>
  <testcase name="VerifyCompatibleCarStatusCodewithValidData" time="0.312" classname="api.test.CompatibleCar"/>
  <testcase name="validateLoginWith_MobNO_ResponseCodeWithValidMobNo" time="0.581" classname="api.test.Authentication_Login"/>
  <testcase name="VerifyStatusCodewithValid" time="0.691" classname="api.test.CategoryTreeTest"/>
  <testcase name="validateCityMasterResponseCode" time="3.444" classname="api.test.CityMaster"/>
  <testcase name="verifySerchProductListStatusCodeWithValid_categories_categoryL1categoryL2categoryL2" time="0.0" classname="api.test.SearchProductListTest">
    <ignored/>
  </testcase> <!-- verifySerchProductListStatusCodeWithValid_categories_categoryL1categoryL2categoryL2 -->
  <testcase name="verifySerchProductListStatusCodeWithout_toYear" time="0.0" classname="api.test.SearchProductListTest">
    <ignored/>
  </testcase> <!-- verifySerchProductListStatusCodeWithout_toYear -->
  <testcase name="validateLoginWith_MSPIN_ResponseCodeWithValidMobNo" time="0.0" classname="api.test.Authentication_Login">
    <ignored/>
  </testcase> <!-- validateLoginWith_MSPIN_ResponseCodeWithValidMobNo -->
  <testcase name="VerifyErrorsSatusWithValidData" time="0.0" classname="api.test.PartCompatibilityTest">
    <ignored/>
  </testcase> <!-- VerifyErrorsSatusWithValidData -->
  <testcase name="validateSelectParty_ErrorCodeErrorMessageWithvalidData" time="0.0" classname="api.test.SelectParty">
    <ignored/>
  </testcase> <!-- validateSelectParty_ErrorCodeErrorMessageWithvalidData -->
  <testcase name="VerifyCategoryTreeStatusCodeWithoutQueryParameter" time="0.0" classname="api.test.CategoryTreeTest">
    <ignored/>
  </testcase> <!-- VerifyCategoryTreeStatusCodeWithoutQueryParameter -->
  <testcase name="verifySerchProductList_Sorting_Name" time="0.0" classname="api.test.SearchProductListTest">
    <ignored/>
  </testcase> <!-- verifySerchProductList_Sorting_Name -->
  <testcase name="validateLogin_ResponseTime" time="0.0" classname="api.test.Authentication_Login">
    <ignored/>
  </testcase> <!-- validateLogin_ResponseTime -->
  <testcase name="VerifyErrorWithoutpartNumAndregNumParam" time="0.0" classname="api.test.PartCompatibilityTest">
    <ignored/>
  </testcase> <!-- VerifyErrorWithoutpartNumAndregNumParam -->
  <testcase name="verifySerchProductListStatusCodeWithValid_1Model1variant" time="0.0" classname="api.test.SearchProductListTest">
    <ignored/>
  </testcase> <!-- verifySerchProductListStatusCodeWithValid_1Model1variant -->
  <testcase name="validateStateMasterValidateErrorCodeErrorMessage" time="0.0" classname="api.test.StateMasterTest">
    <ignored/>
  </testcase> <!-- validateStateMasterValidateErrorCodeErrorMessage -->
  <testcase name="validateOTP_MSPIN_ErrorCode_ErrorMsg_with_ValidMSPIN_InvalidOTP" time="0.0" classname="api.test.Authenticate_Validate_Otp">
    <ignored/>
  </testcase> <!-- validateOTP_MSPIN_ErrorCode_ErrorMsg_with_ValidMSPIN_InvalidOTP -->
  <testcase name="validateOTP_MSPIN_ResponseCode" time="0.0" classname="api.test.Authenticate_Validate_Otp">
    <ignored/>
  </testcase> <!-- validateOTP_MSPIN_ResponseCode -->
  <testcase name="VerifyCompatibleCarErrorwithInvalidData" time="0.0" classname="api.test.CompatibleCar">
    <ignored/>
  </testcase> <!-- VerifyCompatibleCarErrorwithInvalidData -->
  <testcase name="verifySerchProductListStatusCodeWithValid_2Model" time="0.0" classname="api.test.SearchProductListTest">
    <ignored/>
  </testcase> <!-- verifySerchProductListStatusCodeWithValid_2Model -->
  <testcase name="validateOTP_errorCode_errorMsg_result_withvalidMobNo_InvalidOTP" time="0.0" classname="api.test.Authenticate_Validate_Otp">
    <ignored/>
  </testcase> <!-- validateOTP_errorCode_errorMsg_result_withvalidMobNo_InvalidOTP -->
  <testcase name="verifySerchProductList_data_WithoutCatCD" time="0.0" classname="api.test.SearchProductListTest">
    <ignored/>
  </testcase> <!-- verifySerchProductList_data_WithoutCatCD -->
  <testcase name="VerifyCompatibleCarStatusCodewithblankPartNo" time="0.0" classname="api.test.CompatibleCar">
    <ignored/>
  </testcase> <!-- VerifyCompatibleCarStatusCodewithblankPartNo -->
  <testcase name="VerifyContentTypewithValid" time="0.0" classname="api.test.CategoryTreeTest">
    <ignored/>
  </testcase> <!-- VerifyContentTypewithValid -->
  <testcase name="verifySerchProductList_error_errorCode_errorMessage_With_1ValidAnd1InvalidCatCD" time="0.0" classname="api.test.SearchProductListTest">
    <ignored/>
  </testcase> <!-- verifySerchProductList_error_errorCode_errorMessage_With_1ValidAnd1InvalidCatCD -->
  <testcase name="verifySerchProductListStatusCodeWith_InvalidYearRange_ToYear" time="0.0" classname="api.test.SearchProductListTest">
    <ignored/>
  </testcase> <!-- verifySerchProductListStatusCodeWith_InvalidYearRange_ToYear -->
  <testcase name="VerifyCateforyTreeSchema" time="0.0" classname="api.test.CategoryTreeTest">
    <ignored/>
  </testcase> <!-- VerifyCateforyTreeSchema -->
  <testcase name="verifySerchProductListStatusCodeWithValid_CategotyL1andMOdelVariant" time="0.0" classname="api.test.SearchProductListTest">
    <ignored/>
  </testcase> <!-- verifySerchProductListStatusCodeWithValid_CategotyL1andMOdelVariant -->
  <testcase name="verifySerchProductListStatusCodeWithValid_1Model" time="0.0" classname="api.test.SearchProductListTest">
    <ignored/>
  </testcase> <!-- verifySerchProductListStatusCodeWithValid_1Model -->
  <testcase name="VerifyErrorCodeAndErrorMessageWithInvalidQueryParameter" time="0.0" classname="api.test.CategoryTreeTest">
    <ignored/>
  </testcase> <!-- VerifyErrorCodeAndErrorMessageWithInvalidQueryParameter -->
  <testcase name="validateStateMasterValidateResultisNotNull" time="0.0" classname="api.test.StateMasterTest">
    <ignored/>
  </testcase> <!-- validateStateMasterValidateResultisNotNull -->
  <testcase name="validateStateMasterResponseTime" time="0.0" classname="api.test.StateMasterTest">
    <ignored/>
  </testcase> <!-- validateStateMasterResponseTime -->
  <testcase name="verifySerchProductListErrorWithValidData" time="0.0" classname="api.test.SearchProductListTest">
    <ignored/>
  </testcase> <!-- verifySerchProductListErrorWithValidData -->
  <testcase name="verifySerchProductListStatusCodeWithout_ModelCd" time="0.0" classname="api.test.SearchProductListTest">
    <ignored/>
  </testcase> <!-- verifySerchProductListStatusCodeWithout_ModelCd -->
  <testcase name="VerifyResponseCodeWithoutpartNumParam" time="0.0" classname="api.test.PartCompatibilityTest">
    <ignored/>
  </testcase> <!-- VerifyResponseCodeWithoutpartNumParam -->
  <testcase name="VerifyCompatibleCarHeaders" time="0.0" classname="api.test.CompatibleCar">
    <ignored/>
  </testcase> <!-- VerifyCompatibleCarHeaders -->
  <testcase name="verifySerchProductListStatusCodeWith_InvalidYearRange_FromYear" time="0.0" classname="api.test.SearchProductListTest">
    <ignored/>
  </testcase> <!-- verifySerchProductListStatusCodeWith_InvalidYearRange_FromYear -->
  <testcase name="validateLoginWithNo_errorCode_With_InvalidMSPIN" time="0.0" classname="api.test.Authentication_Login">
    <ignored/>
  </testcase> <!-- validateLoginWithNo_errorCode_With_InvalidMSPIN -->
  <testcase name="verifySerchProductListPartresponsrCount" time="0.0" classname="api.test.SearchProductListTest">
    <ignored/>
  </testcase> <!-- verifySerchProductListPartresponsrCount -->
  <testcase name="VerifyErrorWithoutregNumParam" time="0.0" classname="api.test.PartCompatibilityTest">
    <ignored/>
  </testcase> <!-- VerifyErrorWithoutregNumParam -->
  <testcase name="VerifyCategoryTreeDataWithoutQueryParameter" time="0.0" classname="api.test.CategoryTreeTest">
    <ignored/>
  </testcase> <!-- VerifyCategoryTreeDataWithoutQueryParameter -->
  <testcase name="verifySerchProductListStatusCodeWithValid_1Model2variant" time="0.0" classname="api.test.SearchProductListTest">
    <ignored/>
  </testcase> <!-- verifySerchProductListStatusCodeWithValid_1Model2variant -->
  <testcase name="validateCityMaster_ResponseTime" time="0.0" classname="api.test.CityMaster">
    <ignored/>
  </testcase> <!-- validateCityMaster_ResponseTime -->
  <testcase name="VerifyCompatibleCarDatawithValidData" time="0.0" classname="api.test.CompatibleCar">
    <ignored/>
  </testcase> <!-- VerifyCompatibleCarDatawithValidData -->
  <testcase name="validateGlobalSearch_errorStatus_withvalidQuerry" time="0.0" classname="api.test.GlobalSearch">
    <ignored/>
  </testcase> <!-- validateGlobalSearch_errorStatus_withvalidQuerry -->
  <testcase name="verifySerchProductListStatusCodeWithValid_PartNumber" time="0.0" classname="api.test.SearchProductListTest">
    <ignored/>
  </testcase> <!-- verifySerchProductListStatusCodeWithValid_PartNumber -->
  <testcase name="VerifyErrorwithBlankPartNo" time="0.0" classname="api.test.CompatibleCar">
    <ignored/>
  </testcase> <!-- VerifyErrorwithBlankPartNo -->
  <testcase name="verifySerchProductListStatusCodeWithValid_2Model1Variant" time="0.0" classname="api.test.SearchProductListTest">
    <ignored/>
  </testcase> <!-- verifySerchProductListStatusCodeWithValid_2Model1Variant -->
  <testcase name="VerifyResponseCodeWithoutpartNumAndregNumParam" time="0.0" classname="api.test.PartCompatibilityTest">
    <ignored/>
  </testcase> <!-- VerifyResponseCodeWithoutpartNumAndregNumParam -->
  <testcase name="VerifyCompatibleflagWith_ValidpartNum_InvalidregNo" time="0.0" classname="api.test.PartCompatibilityTest">
    <ignored/>
  </testcase> <!-- VerifyCompatibleflagWith_ValidpartNum_InvalidregNo -->
  <testcase name="verifySerchProductListStatusCodeWithValid_categories_categoryL1" time="0.0" classname="api.test.SearchProductListTest">
    <ignored/>
  </testcase> <!-- verifySerchProductListStatusCodeWithValid_categories_categoryL1 -->
  <testcase name="verifySerchProductListResponseTime" time="0.0" classname="api.test.SearchProductListTest">
    <ignored/>
  </testcase> <!-- verifySerchProductListResponseTime -->
  <testcase name="verifySerchProductLisEndpoint" time="0.0" classname="api.test.SearchProductListTest">
    <ignored/>
  </testcase> <!-- verifySerchProductLisEndpoint -->
  <testcase name="VerifyProductDetailResponseTime" time="0.0" classname="api.test.ProductDetailTest">
    <ignored/>
  </testcase> <!-- VerifyProductDetailResponseTime -->
  <testcase name="VerifyCategoryTreeErrorWithValid" time="0.0" classname="api.test.ModelTreeTest">
    <ignored/>
  </testcase> <!-- VerifyCategoryTreeErrorWithValid -->
  <testcase name="validateGlobalSearch_withPartialPartName" time="0.0" classname="api.test.GlobalSearch">
    <ignored/>
  </testcase> <!-- validateGlobalSearch_withPartialPartName -->
  <testcase name="VerifyResponseCodeWithoutregNumParam" time="0.0" classname="api.test.PartCompatibilityTest">
    <ignored/>
  </testcase> <!-- VerifyResponseCodeWithoutregNumParam -->
  <testcase name="VerifyResponseTimewithValidData" time="0.0" classname="api.test.CategoryTreeTest">
    <ignored/>
  </testcase> <!-- VerifyResponseTimewithValidData -->
  <testcase name="verifySerchProductListStatusCodeWith2Valid_catCd_Data" time="0.0" classname="api.test.SearchProductListTest">
    <ignored/>
  </testcase> <!-- verifySerchProductListStatusCodeWith2Valid_catCd_Data -->
  <testcase name="VerifyCompatibleCarwithValidData" time="0.0" classname="api.test.CompatibleCar">
    <ignored/>
  </testcase> <!-- VerifyCompatibleCarwithValidData -->
  <testcase name="VerifyCompatibleCarErrorwithValidData" time="0.0" classname="api.test.CompatibleCar">
    <ignored/>
  </testcase> <!-- VerifyCompatibleCarErrorwithValidData -->
  <testcase name="VerifyErrorSatusWithValidData" time="0.0" classname="api.test.PartCompatibilityTest">
    <ignored/>
  </testcase> <!-- VerifyErrorSatusWithValidData -->
  <testcase name="verifySerchProductList_error_errorCode_errorMessage_With_InvalidCategoriesL1" time="0.0" classname="api.test.SearchProductListTest">
    <ignored/>
  </testcase> <!-- verifySerchProductList_error_errorCode_errorMessage_With_InvalidCategoriesL1 -->
  <testcase name="verifySerchProductListStatusCodeWithValidRegistrationNo" time="0.0" classname="api.test.SearchProductListTest">
    <ignored/>
  </testcase> <!-- verifySerchProductListStatusCodeWithValidRegistrationNo -->
  <testcase name="verifySerchProductListStatusCodeWith_InvalidCategoriesL3" time="0.0" classname="api.test.SearchProductListTest">
    <ignored/>
  </testcase> <!-- verifySerchProductListStatusCodeWith_InvalidCategoriesL3 -->
  <testcase name="verifySerchProductListStatusCodeWith_InvalidCategoriesL2" time="0.0" classname="api.test.SearchProductListTest">
    <ignored/>
  </testcase> <!-- verifySerchProductListStatusCodeWith_InvalidCategoriesL2 -->
  <testcase name="VerifyDataWithBlankPartNo" time="0.0" classname="api.test.CompatibleCar">
    <ignored/>
  </testcase> <!-- VerifyDataWithBlankPartNo -->
  <testcase name="verifySerchProductList_Sorting_New" time="0.0" classname="api.test.SearchProductListTest">
    <ignored/>
  </testcase> <!-- verifySerchProductList_Sorting_New -->
  <testcase name="validateLoginWithNo_errorCode_With_InvalidMobNo" time="0.0" classname="api.test.Authentication_Login">
    <ignored/>
  </testcase> <!-- validateLoginWithNo_errorCode_With_InvalidMobNo -->
  <testcase name="verifySerchProductListStatusCodeWithValidVinNo" time="0.0" classname="api.test.SearchProductListTest">
    <ignored/>
  </testcase> <!-- verifySerchProductListStatusCodeWithValidVinNo -->
  <testcase name="verifySerchProductListDataWith_1ValidAnd1InvalidCatCD" time="0.0" classname="api.test.SearchProductListTest">
    <ignored/>
  </testcase> <!-- verifySerchProductListDataWith_1ValidAnd1InvalidCatCD -->
  <testcase name="verifySerchProductListSchema" time="0.0" classname="api.test.SearchProductListTest">
    <ignored/>
  </testcase> <!-- verifySerchProductListSchema -->
  <testcase name="verifySerchProductListStatusCodeWith_1ValidAnd1InvalidCatCD" time="0.0" classname="api.test.SearchProductListTest">
    <ignored/>
  </testcase> <!-- verifySerchProductListStatusCodeWith_1ValidAnd1InvalidCatCD -->
  <testcase name="validateLoginWithNo_errorCode_errorMsg_WithValidMSPIN" time="0.0" classname="api.test.Authentication_Login">
    <ignored/>
  </testcase> <!-- validateLoginWithNo_errorCode_errorMsg_WithValidMSPIN -->
  <testcase name="VerifyDataWithInvalidQueryParameter" time="0.0" classname="api.test.CategoryTreeTest">
    <ignored/>
  </testcase> <!-- VerifyDataWithInvalidQueryParameter -->
  <testcase name="VerifyErrorWithoutpartNumParam" time="0.0" classname="api.test.PartCompatibilityTest">
    <ignored/>
  </testcase> <!-- VerifyErrorWithoutpartNumParam -->
  <testcase name="VerifyCategoryTreeStatusCodeWithInvalidQueryParameter" time="0.0" classname="api.test.CategoryTreeTest">
    <ignored/>
  </testcase> <!-- VerifyCategoryTreeStatusCodeWithInvalidQueryParameter -->
  <testcase name="verifySerchProductListStatusCodeWith_InvalidVariantCd" time="0.0" classname="api.test.SearchProductListTest">
    <ignored/>
  </testcase> <!-- verifySerchProductListStatusCodeWith_InvalidVariantCd -->
  <testcase name="validateGlobalSearch_errorStatusAndErrorMsg_withInvalid_Querry" time="0.0" classname="api.test.GlobalSearch">
    <ignored/>
  </testcase> <!-- validateGlobalSearch_errorStatusAndErrorMsg_withInvalid_Querry -->
  <testcase name="VerifyCategoryTree_ResponseTime" time="0.0" classname="api.test.CategoryTreeTest">
    <ignored/>
  </testcase> <!-- VerifyCategoryTree_ResponseTime -->
  <testcase name="verifySerchProductListStatusCodeWith_InvalidCategoriesL1" time="0.0" classname="api.test.SearchProductListTest">
    <ignored/>
  </testcase> <!-- verifySerchProductListStatusCodeWith_InvalidCategoriesL1 -->
  <testcase name="VerifyCategoryTreeHeaders" time="0.0" classname="api.test.CategoryTreeTest">
    <ignored/>
  </testcase> <!-- VerifyCategoryTreeHeaders -->
  <testcase name="VerifyResponseHeaders" time="0.0" classname="api.test.PartCompatibilityTest">
    <ignored/>
  </testcase> <!-- VerifyResponseHeaders -->
  <testcase name="validateGlobalSearch_errorStatusAndErrorMsg_withInvalid_catgCdQuerry" time="0.0" classname="api.test.GlobalSearch">
    <ignored/>
  </testcase> <!-- validateGlobalSearch_errorStatusAndErrorMsg_withInvalid_catgCdQuerry -->
  <testcase name="verifySerchProductListHeaders" time="0.0" classname="api.test.SearchProductListTest">
    <ignored/>
  </testcase> <!-- verifySerchProductListHeaders -->
  <testcase name="verifySerchProductListPaginationWithValidData" time="0.0" classname="api.test.SearchProductListTest">
    <ignored/>
  </testcase> <!-- verifySerchProductListPaginationWithValidData -->
  <testcase name="verifySerchProductList_error_errorCode_errorMessage_WithInvalidCatCD" time="0.0" classname="api.test.SearchProductListTest">
    <ignored/>
  </testcase> <!-- verifySerchProductList_error_errorCode_errorMessage_WithInvalidCatCD -->
  <testcase name="verifySerchProductListStatusCodeWith_InvalidModelCd" time="0.0" classname="api.test.SearchProductListTest">
    <ignored/>
  </testcase> <!-- verifySerchProductListStatusCodeWith_InvalidModelCd -->
  <testcase name="validateOTP_MSPIN_ErrorCode_ErrorMsg" time="0.0" classname="api.test.Authenticate_Validate_Otp">
    <ignored/>
  </testcase> <!-- validateOTP_MSPIN_ErrorCode_ErrorMsg -->
  <testcase name="VerifyCategoryTreeResponseTimeWithValid" time="0.0" classname="api.test.ModelTreeTest">
    <ignored/>
  </testcase> <!-- VerifyCategoryTreeResponseTimeWithValid -->
  <testcase name="validateOTP_PartyDetails_withvalidMobNo_ValidOTP" time="0.0" classname="api.test.Authenticate_Validate_Otp">
    <ignored/>
  </testcase> <!-- validateOTP_PartyDetails_withvalidMobNo_ValidOTP -->
  <testcase name="validateOTP_Mob_ErrorCode_ErrorMsg" time="0.0" classname="api.test.Authenticate_Validate_Otp">
    <ignored/>
  </testcase> <!-- validateOTP_Mob_ErrorCode_ErrorMsg -->
  <testcase name="VerifyCompatibleflagWith_ValidpartNum_ValidregNo" time="0.0" classname="api.test.PartCompatibilityTest">
    <ignored/>
  </testcase> <!-- VerifyCompatibleflagWith_ValidpartNum_ValidregNo -->
  <testcase name="verifySerchProductList_Sorting_LowToHigh" time="0.0" classname="api.test.SearchProductListTest">
    <ignored/>
  </testcase> <!-- verifySerchProductList_Sorting_LowToHigh -->
  <testcase name="verifySerchProductListStatusCodeWithInvalidCatCD" time="0.0" classname="api.test.SearchProductListTest">
    <ignored/>
  </testcase> <!-- verifySerchProductListStatusCodeWithInvalidCatCD -->
  <testcase name="verifySerchProductList_Data_With_InvalidCategoriesL1" time="0.0" classname="api.test.SearchProductListTest">
    <ignored/>
  </testcase> <!-- verifySerchProductList_Data_With_InvalidCategoriesL1 -->
  <testcase name="validateCityMasterErrorCodeErrorMessage" time="0.0" classname="api.test.CityMaster">
    <ignored/>
  </testcase> <!-- validateCityMasterErrorCodeErrorMessage -->
  <testcase name="VerifyCategoryTreeResponseTime" time="0.0" classname="api.test.ModelTreeTest">
    <ignored/>
  </testcase> <!-- VerifyCategoryTreeResponseTime -->
  <testcase name="VerifyCategoryTree_Data_WithInvalidQueryParameter" time="0.0" classname="api.test.CategoryTreeTest">
    <ignored/>
  </testcase> <!-- VerifyCategoryTree_Data_WithInvalidQueryParameter -->
  <testcase name="verifySerchProductListStatusCodeWithout_Fromyear" time="0.0" classname="api.test.SearchProductListTest">
    <ignored/>
  </testcase> <!-- verifySerchProductListStatusCodeWithout_Fromyear -->
  <testcase name="VerifyPartCompatibilityResponseTime" time="0.0" classname="api.test.PartCompatibilityTest">
    <ignored/>
  </testcase> <!-- VerifyPartCompatibilityResponseTime -->
  <testcase name="VerifyCompatibleflagWith_InvalidpartNum_ValidregNo" time="0.0" classname="api.test.PartCompatibilityTest">
    <ignored/>
  </testcase> <!-- VerifyCompatibleflagWith_InvalidpartNum_ValidregNo -->
  <testcase name="validateLoginWithNo_errorCode_errorMsg_WithValidMobNo" time="0.0" classname="api.test.Authentication_Login">
    <ignored/>
  </testcase> <!-- validateLoginWithNo_errorCode_errorMsg_WithValidMobNo -->
  <testcase name="validateSelectParty_ResponseTime" time="0.0" classname="api.test.SelectParty">
    <ignored/>
  </testcase> <!-- validateSelectParty_ResponseTime -->
  <testcase name="validateGlobalSearch_withvalidPartName" time="0.0" classname="api.test.GlobalSearch">
    <ignored/>
  </testcase> <!-- validateGlobalSearch_withvalidPartName -->
  <testcase name="validateOTP_ResponseTime" time="0.0" classname="api.test.Authenticate_Validate_Otp">
    <ignored/>
  </testcase> <!-- validateOTP_ResponseTime -->
  <testcase name="verifySerchProductListStatusCodeWithValid_categories_categoryL1categoryL2" time="0.0" classname="api.test.SearchProductListTest">
    <ignored/>
  </testcase> <!-- verifySerchProductListStatusCodeWithValid_categories_categoryL1categoryL2 -->
  <testcase name="validateSelectParty_ErrorCodeErrorMessageWithInvalidData" time="0.0" classname="api.test.SelectParty">
    <ignored/>
  </testcase> <!-- validateSelectParty_ErrorCodeErrorMessageWithInvalidData -->
  <testcase name="validateOTP_MSPIN_ErrorCode_ErrorMsg_with_InvalidMSPIN_validOTP" time="0.0" classname="api.test.Authenticate_Validate_Otp">
    <ignored/>
  </testcase> <!-- validateOTP_MSPIN_ErrorCode_ErrorMsg_with_InvalidMSPIN_validOTP -->
  <testcase name="VerifyCategoryTreeWithoutQueryParameter" time="0.0" classname="api.test.CategoryTreeTest">
    <ignored/>
  </testcase> <!-- VerifyCategoryTreeWithoutQueryParameter -->
  <testcase name="verifySerchProductList_Sorting_HighToLow" time="0.0" classname="api.test.SearchProductListTest">
    <ignored/>
  </testcase> <!-- verifySerchProductList_Sorting_HighToLow -->
  <testcase name="VerifyProductDetailStatusCodeWithInvalidData" time="0.0" classname="api.test.ProductDetailTest">
    <ignored/>
  </testcase> <!-- VerifyProductDetailStatusCodeWithInvalidData -->
  <testcase name="validateGlobalSearch_withvalidPartNo" time="0.0" classname="api.test.GlobalSearch">
    <ignored/>
  </testcase> <!-- validateGlobalSearch_withvalidPartNo -->
  <testcase name="validateGlobalSearch_errorStatusAndErrorMsg_withInvalid_searchStringQuerry" time="0.0" classname="api.test.GlobalSearch">
    <ignored/>
  </testcase> <!-- validateGlobalSearch_errorStatusAndErrorMsg_withInvalid_searchStringQuerry -->
  <testcase name="VerifyCompatibleCarDataWithInvalidData" time="0.0" classname="api.test.CompatibleCar">
    <ignored/>
  </testcase> <!-- VerifyCompatibleCarDataWithInvalidData -->
  <testcase name="verifySerchProductListStatusCodeWith3Valid_catCd_Data" time="0.0" classname="api.test.SearchProductListTest">
    <ignored/>
  </testcase> <!-- verifySerchProductListStatusCodeWith3Valid_catCd_Data -->
  <testcase name="VerifyCompatibleCarResponseTime" time="0.0" classname="api.test.CompatibleCar">
    <ignored/>
  </testcase> <!-- VerifyCompatibleCarResponseTime -->
  <testcase name="validateGlobalSearch_ResponseTime_withvalidQuerry" time="0.0" classname="api.test.GlobalSearch">
    <ignored/>
  </testcase> <!-- validateGlobalSearch_ResponseTime_withvalidQuerry -->
  <testcase name="verifySerchProductListStatusCodeWithValid_2Model2Variant" time="0.0" classname="api.test.SearchProductListTest">
    <ignored/>
  </testcase> <!-- verifySerchProductListStatusCodeWithValid_2Model2Variant -->
  <testcase name="verifySerchProductListStatusCodeWithValid_CategotyL1L2andMOdelVariant" time="0.0" classname="api.test.SearchProductListTest">
    <ignored/>
  </testcase> <!-- verifySerchProductListStatusCodeWithValid_CategotyL1L2andMOdelVariant -->
  <testcase name="VerifyResponseCodeWithInvalidQueryParameter" time="0.0" classname="api.test.CategoryTreeTest">
    <ignored/>
  </testcase> <!-- VerifyResponseCodeWithInvalidQueryParameter -->
  <testcase name="VerifyProductDetailErrorWithValidData" time="0.0" classname="api.test.ProductDetailTest">
    <ignored/>
  </testcase> <!-- VerifyProductDetailErrorWithValidData -->
  <testcase name="verifySerchProductListMessageOnLastPageWithValidRegistrationNo" time="0.0" classname="api.test.SearchProductListTest">
    <ignored/>
  </testcase> <!-- verifySerchProductListMessageOnLastPageWithValidRegistrationNo -->
</testsuite> <!-- Validate API Response Code -->
