<?xml version="1.0" encoding="UTF-8"?>
<!-- Generated by org.testng.reporters.JUnitXMLReporter -->
<testsuite hostname="AvinashMacBook-Air.local" ignored="0" name="CategortTreeTest" tests="5" failures="0" timestamp="2023-10-06T14:13:51 IST" time="4.429" errors="0">
  <testcase name="Verify" time="2.547" classname="api.test.CategoryTreeTest"/>
  <testcase name="VerifyCategoryTreeWithInvalidQueryParameter" time="0.253" classname="api.test.CategoryTreeTest"/>
  <testcase name="VerifyCategoryTreeWithoutQueryParameter" time="0.2" classname="api.test.CategoryTreeTest"/>
  <testcase name="VerifyErrorCodeAndErrorMessageWithInvalidQueryParameter" time="0.244" classname="api.test.CategoryTreeTest"/>
  <testcase name="VerifyStatusCode" time="0.441" classname="api.test.CategoryTreeTest"/>
</testsuite> <!-- CategortTreeTest -->
